find_header: checking for sybfront.h... -------------------- yes

"xcrun clang -o conftest -I/Library/Developer/CommandLineTools/SDKs/MacOSX.sdk/System/Library/Frameworks/Ruby.framework/Versions/2.6/usr/include/ruby-2.6.0/universal-darwin21 -I/Library/Developer/CommandLineTools/SDKs/MacOSX.sdk/System/Library/Frameworks/Ruby.framework/Versions/2.6/usr/include/ruby-2.6.0/ruby/backward -I/Library/Developer/CommandLineTools/SDKs/MacOSX.sdk/System/Library/Frameworks/Ruby.framework/Versions/2.6/usr/include/ruby-2.6.0 -I. -I/opt/local/include -I/opt/local/include/freetds -I/usr/local/include -I/usr/local/include/freetds -D_XOPEN_SOURCE -D_DARWIN_C_SOURCE -D_DARWIN_UNLIMITED_SELECT -D_REENTRANT    -g -Os -pipe -DHAVE_GCC_ATOMIC_BUILTINS -DUSE_FFI_CLOSURE_ALLOC conftest.c  -L. -L/System/Library/Frameworks/Ruby.framework/Versions/2.6/usr/lib -L/opt/local/lib -L/opt/local/lib/freetds -L/usr/local/lib -L/usr/local/lib/freetds -L. -L/AppleInternal/Library/BuildRoots/66382bca-8bca-11ec-aade-6613bcf0e2ee/Applications/Xcode.app/Contents/Developer/Platforms/MacOSX.platform/Developer/SDKs/MacOSX12.3.Internal.sdk/usr/local/lib     -lruby.2.6   "
ld: warning: directory not found for option '-L/opt/local/lib'
ld: warning: directory not found for option '-L/opt/local/lib/freetds'
ld: warning: directory not found for option '-L/usr/local/lib/freetds'
ld: warning: directory not found for option '-L/AppleInternal/Library/BuildRoots/66382bca-8bca-11ec-aade-6613bcf0e2ee/Applications/Xcode.app/Contents/Developer/Platforms/MacOSX.platform/Developer/SDKs/MacOSX12.3.Internal.sdk/usr/local/lib'
checked program was:
/* begin */
1: #include "ruby.h"
2: 
3: int main(int argc, char **argv)
4: {
5:   return 0;
6: }
/* end */

"xcrun clang -I/Library/Developer/CommandLineTools/SDKs/MacOSX.sdk/System/Library/Frameworks/Ruby.framework/Versions/2.6/usr/include/ruby-2.6.0/universal-darwin21 -I/Library/Developer/CommandLineTools/SDKs/MacOSX.sdk/System/Library/Frameworks/Ruby.framework/Versions/2.6/usr/include/ruby-2.6.0/ruby/backward -I/Library/Developer/CommandLineTools/SDKs/MacOSX.sdk/System/Library/Frameworks/Ruby.framework/Versions/2.6/usr/include/ruby-2.6.0 -I. -I/opt/local/include -I/opt/local/include/freetds -I/usr/local/include -I/usr/local/include/freetds -D_XOPEN_SOURCE -D_DARWIN_C_SOURCE -D_DARWIN_UNLIMITED_SELECT -D_REENTRANT    -g -Os -pipe -DHAVE_GCC_ATOMIC_BUILTINS -DUSE_FFI_CLOSURE_ALLOC   -c conftest.c"
checked program was:
/* begin */
1: #include "ruby.h"
2: 
3: #include <sybfront.h>
/* end */

--------------------

find_header: checking for sybdb.h... -------------------- yes

"xcrun clang -I/Library/Developer/CommandLineTools/SDKs/MacOSX.sdk/System/Library/Frameworks/Ruby.framework/Versions/2.6/usr/include/ruby-2.6.0/universal-darwin21 -I/Library/Developer/CommandLineTools/SDKs/MacOSX.sdk/System/Library/Frameworks/Ruby.framework/Versions/2.6/usr/include/ruby-2.6.0/ruby/backward -I/Library/Developer/CommandLineTools/SDKs/MacOSX.sdk/System/Library/Frameworks/Ruby.framework/Versions/2.6/usr/include/ruby-2.6.0 -I. -I/opt/local/include -I/opt/local/include/freetds -I/usr/local/include -I/usr/local/include/freetds -D_XOPEN_SOURCE -D_DARWIN_C_SOURCE -D_DARWIN_UNLIMITED_SELECT -D_REENTRANT    -g -Os -pipe -DHAVE_GCC_ATOMIC_BUILTINS -DUSE_FFI_CLOSURE_ALLOC   -c conftest.c"
checked program was:
/* begin */
1: #include "ruby.h"
2: 
3: #include <sybdb.h>
/* end */

--------------------

find_library: checking for tdsdbopen() in -lsybdb... -------------------- yes

"xcrun clang -o conftest -I/Library/Developer/CommandLineTools/SDKs/MacOSX.sdk/System/Library/Frameworks/Ruby.framework/Versions/2.6/usr/include/ruby-2.6.0/universal-darwin21 -I/Library/Developer/CommandLineTools/SDKs/MacOSX.sdk/System/Library/Frameworks/Ruby.framework/Versions/2.6/usr/include/ruby-2.6.0/ruby/backward -I/Library/Developer/CommandLineTools/SDKs/MacOSX.sdk/System/Library/Frameworks/Ruby.framework/Versions/2.6/usr/include/ruby-2.6.0 -I. -I/opt/local/include -I/opt/local/include/freetds -I/usr/local/include -I/usr/local/include/freetds -D_XOPEN_SOURCE -D_DARWIN_C_SOURCE -D_DARWIN_UNLIMITED_SELECT -D_REENTRANT    -g -Os -pipe -DHAVE_GCC_ATOMIC_BUILTINS -DUSE_FFI_CLOSURE_ALLOC conftest.c  -L. -L/System/Library/Frameworks/Ruby.framework/Versions/2.6/usr/lib -L/opt/local/lib -L/opt/local/lib/freetds -L/usr/local/lib -L/usr/local/lib/freetds -L. -L/AppleInternal/Library/BuildRoots/66382bca-8bca-11ec-aade-6613bcf0e2ee/Applications/Xcode.app/Contents/Developer/Platforms/MacOSX.platform/Developer/SDKs/MacOSX12.3.Internal.sdk/usr/local/lib     -lruby.2.6 -lsybdb   "
conftest.c:14:57: error: use of undeclared identifier 'tdsdbopen'
int t(void) { void ((*volatile p)()); p = (void ((*)()))tdsdbopen; return !p; }
                                                        ^
1 error generated.
checked program was:
/* begin */
 1: #include "ruby.h"
 2: 
 3: /*top*/
 4: extern int t(void);
 5: int main(int argc, char **argv)
 6: {
 7:   if (argc > 1000000) {
 8:     int (* volatile tp)(void)=(int (*)(void))&t;
 9:     printf("%d", (*tp)());
10:   }
11: 
12:   return 0;
13: }
14: int t(void) { void ((*volatile p)()); p = (void ((*)()))tdsdbopen; return !p; }
/* end */

"xcrun clang -o conftest -I/Library/Developer/CommandLineTools/SDKs/MacOSX.sdk/System/Library/Frameworks/Ruby.framework/Versions/2.6/usr/include/ruby-2.6.0/universal-darwin21 -I/Library/Developer/CommandLineTools/SDKs/MacOSX.sdk/System/Library/Frameworks/Ruby.framework/Versions/2.6/usr/include/ruby-2.6.0/ruby/backward -I/Library/Developer/CommandLineTools/SDKs/MacOSX.sdk/System/Library/Frameworks/Ruby.framework/Versions/2.6/usr/include/ruby-2.6.0 -I. -I/opt/local/include -I/opt/local/include/freetds -I/usr/local/include -I/usr/local/include/freetds -D_XOPEN_SOURCE -D_DARWIN_C_SOURCE -D_DARWIN_UNLIMITED_SELECT -D_REENTRANT    -g -Os -pipe -DHAVE_GCC_ATOMIC_BUILTINS -DUSE_FFI_CLOSURE_ALLOC conftest.c  -L. -L/System/Library/Frameworks/Ruby.framework/Versions/2.6/usr/lib -L/opt/local/lib -L/opt/local/lib/freetds -L/usr/local/lib -L/usr/local/lib/freetds -L. -L/AppleInternal/Library/BuildRoots/66382bca-8bca-11ec-aade-6613bcf0e2ee/Applications/Xcode.app/Contents/Developer/Platforms/MacOSX.platform/Developer/SDKs/MacOSX12.3.Internal.sdk/usr/local/lib     -lruby.2.6 -lsybdb   "
ld: warning: directory not found for option '-L/opt/local/lib'
ld: warning: directory not found for option '-L/opt/local/lib/freetds'
ld: warning: directory not found for option '-L/usr/local/lib/freetds'
ld: warning: directory not found for option '-L/AppleInternal/Library/BuildRoots/66382bca-8bca-11ec-aade-6613bcf0e2ee/Applications/Xcode.app/Contents/Developer/Platforms/MacOSX.platform/Developer/SDKs/MacOSX12.3.Internal.sdk/usr/local/lib'
checked program was:
/* begin */
 1: #include "ruby.h"
 2: 
 3: /*top*/
 4: extern int t(void);
 5: int main(int argc, char **argv)
 6: {
 7:   if (argc > 1000000) {
 8:     int (* volatile tp)(void)=(int (*)(void))&t;
 9:     printf("%d", (*tp)());
10:   }
11: 
12:   return 0;
13: }
14: extern void tdsdbopen();
15: int t(void) { tdsdbopen(); return 0; }
/* end */

--------------------

find_library: checking for dbanydatecrack() in -lsybdb... -------------------- yes

"xcrun clang -o conftest -I/Library/Developer/CommandLineTools/SDKs/MacOSX.sdk/System/Library/Frameworks/Ruby.framework/Versions/2.6/usr/include/ruby-2.6.0/universal-darwin21 -I/Library/Developer/CommandLineTools/SDKs/MacOSX.sdk/System/Library/Frameworks/Ruby.framework/Versions/2.6/usr/include/ruby-2.6.0/ruby/backward -I/Library/Developer/CommandLineTools/SDKs/MacOSX.sdk/System/Library/Frameworks/Ruby.framework/Versions/2.6/usr/include/ruby-2.6.0 -I. -I/opt/local/include -I/opt/local/include/freetds -I/usr/local/include -I/usr/local/include/freetds -D_XOPEN_SOURCE -D_DARWIN_C_SOURCE -D_DARWIN_UNLIMITED_SELECT -D_REENTRANT    -g -Os -pipe -DHAVE_GCC_ATOMIC_BUILTINS -DUSE_FFI_CLOSURE_ALLOC conftest.c  -L. -L/System/Library/Frameworks/Ruby.framework/Versions/2.6/usr/lib -L/opt/local/lib -L/opt/local/lib/freetds -L/usr/local/lib -L/usr/local/lib/freetds -L. -L/AppleInternal/Library/BuildRoots/66382bca-8bca-11ec-aade-6613bcf0e2ee/Applications/Xcode.app/Contents/Developer/Platforms/MacOSX.platform/Developer/SDKs/MacOSX12.3.Internal.sdk/usr/local/lib    -lsybdb  -lruby.2.6 -lsybdb -lsybdb   "
conftest.c:14:57: error: use of undeclared identifier 'dbanydatecrack'
int t(void) { void ((*volatile p)()); p = (void ((*)()))dbanydatecrack; return !p; }
                                                        ^
1 error generated.
checked program was:
/* begin */
 1: #include "ruby.h"
 2: 
 3: /*top*/
 4: extern int t(void);
 5: int main(int argc, char **argv)
 6: {
 7:   if (argc > 1000000) {
 8:     int (* volatile tp)(void)=(int (*)(void))&t;
 9:     printf("%d", (*tp)());
10:   }
11: 
12:   return 0;
13: }
14: int t(void) { void ((*volatile p)()); p = (void ((*)()))dbanydatecrack; return !p; }
/* end */

"xcrun clang -o conftest -I/Library/Developer/CommandLineTools/SDKs/MacOSX.sdk/System/Library/Frameworks/Ruby.framework/Versions/2.6/usr/include/ruby-2.6.0/universal-darwin21 -I/Library/Developer/CommandLineTools/SDKs/MacOSX.sdk/System/Library/Frameworks/Ruby.framework/Versions/2.6/usr/include/ruby-2.6.0/ruby/backward -I/Library/Developer/CommandLineTools/SDKs/MacOSX.sdk/System/Library/Frameworks/Ruby.framework/Versions/2.6/usr/include/ruby-2.6.0 -I. -I/opt/local/include -I/opt/local/include/freetds -I/usr/local/include -I/usr/local/include/freetds -D_XOPEN_SOURCE -D_DARWIN_C_SOURCE -D_DARWIN_UNLIMITED_SELECT -D_REENTRANT    -g -Os -pipe -DHAVE_GCC_ATOMIC_BUILTINS -DUSE_FFI_CLOSURE_ALLOC conftest.c  -L. -L/System/Library/Frameworks/Ruby.framework/Versions/2.6/usr/lib -L/opt/local/lib -L/opt/local/lib/freetds -L/usr/local/lib -L/usr/local/lib/freetds -L. -L/AppleInternal/Library/BuildRoots/66382bca-8bca-11ec-aade-6613bcf0e2ee/Applications/Xcode.app/Contents/Developer/Platforms/MacOSX.platform/Developer/SDKs/MacOSX12.3.Internal.sdk/usr/local/lib    -lsybdb  -lruby.2.6 -lsybdb -lsybdb   "
ld: warning: directory not found for option '-L/opt/local/lib'
ld: warning: directory not found for option '-L/opt/local/lib/freetds'
ld: warning: directory not found for option '-L/usr/local/lib/freetds'
ld: warning: directory not found for option '-L/AppleInternal/Library/BuildRoots/66382bca-8bca-11ec-aade-6613bcf0e2ee/Applications/Xcode.app/Contents/Developer/Platforms/MacOSX.platform/Developer/SDKs/MacOSX12.3.Internal.sdk/usr/local/lib'
checked program was:
/* begin */
 1: #include "ruby.h"
 2: 
 3: /*top*/
 4: extern int t(void);
 5: int main(int argc, char **argv)
 6: {
 7:   if (argc > 1000000) {
 8:     int (* volatile tp)(void)=(int (*)(void))&t;
 9:     printf("%d", (*tp)());
10:   }
11: 
12:   return 0;
13: }
14: extern void dbanydatecrack();
15: int t(void) { dbanydatecrack(); return 0; }
/* end */

--------------------

